This is pdfTeX, Version 3.141592653-2.6-1.40.24 (MiKTeX 22.7) (preloaded format=pdflatex 2022.8.4)  3 FEB 2023 12:04
entering extended mode
 restricted \write18 enabled.
 %&-line parsing enabled.
**"./Thermo Revision.tex"
(Thermo Revision.tex
LaTeX2e <2022-06-01> patch level 5
L3 programming layer <2022-07-04>
(C:\KISHOR\SOFTWARES\BASIC_MIKTEX\tex/latex/base\article.cls
Document Class: article 2021/10/04 v1.4n Standard LaTeX document class
(C:\KISHOR\SOFTWARES\BASIC_MIKTEX\tex/latex/base\size10.clo
File: size10.clo 2021/10/04 v1.4n Standard LaTeX file (size option)
)
\c@part=\count185
\c@section=\count186
\c@subsection=\count187
\c@subsubsection=\count188
\c@paragraph=\count189
\c@subparagraph=\count190
\c@figure=\count191
\c@table=\count192
\abovecaptionskip=\skip47
\belowcaptionskip=\skip48
\bibindent=\dimen138
)
(C:\KISHOR\SOFTWARES\BASIC_MIKTEX\tex/latex/amsmath\amsmath.sty
Package: amsmath 2022/04/08 v2.17n AMS math features
\@mathmargin=\skip49

For additional information on amsmath, use the `?' option.
(C:\KISHOR\SOFTWARES\BASIC_MIKTEX\tex/latex/amsmath\amstext.sty
Package: amstext 2021/08/26 v2.01 AMS text

(C:\KISHOR\SOFTWARES\BASIC_MIKTEX\tex/latex/amsmath\amsgen.sty
File: amsgen.sty 1999/11/30 v2.0 generic functions
\@emptytoks=\toks16
\ex@=\dimen139
))
(C:\KISHOR\SOFTWARES\BASIC_MIKTEX\tex/latex/amsmath\amsbsy.sty
Package: amsbsy 1999/11/29 v1.2d Bold Symbols
\pmbraise@=\dimen140
)
(C:\KISHOR\SOFTWARES\BASIC_MIKTEX\tex/latex/amsmath\amsopn.sty
Package: amsopn 2022/04/08 v2.04 operator names
)
\inf@bad=\count193
LaTeX Info: Redefining \frac on input line 234.
\uproot@=\count194
\leftroot@=\count195
LaTeX Info: Redefining \overline on input line 399.
LaTeX Info: Redefining \colon on input line 410.
\classnum@=\count196
\DOTSCASE@=\count197
LaTeX Info: Redefining \ldots on input line 496.
LaTeX Info: Redefining \dots on input line 499.
LaTeX Info: Redefining \cdots on input line 620.
\Mathstrutbox@=\box51
\strutbox@=\box52
LaTeX Info: Redefining \big on input line 722.
LaTeX Info: Redefining \Big on input line 723.
LaTeX Info: Redefining \bigg on input line 724.
LaTeX Info: Redefining \Bigg on input line 725.
\big@size=\dimen141
LaTeX Font Info:    Redeclaring font encoding OML on input line 743.
LaTeX Font Info:    Redeclaring font encoding OMS on input line 744.
\macc@depth=\count198
LaTeX Info: Redefining \bmod on input line 905.
LaTeX Info: Redefining \pmod on input line 910.
LaTeX Info: Redefining \smash on input line 940.
LaTeX Info: Redefining \relbar on input line 970.
LaTeX Info: Redefining \Relbar on input line 971.
\c@MaxMatrixCols=\count199
\dotsspace@=\muskip16
\c@parentequation=\count266
\dspbrk@lvl=\count267
\tag@help=\toks17
\row@=\count268
\column@=\count269
\maxfields@=\count270
\andhelp@=\toks18
\eqnshift@=\dimen142
\alignsep@=\dimen143
\tagshift@=\dimen144
\tagwidth@=\dimen145
\totwidth@=\dimen146
\lineht@=\dimen147
\@envbody=\toks19
\multlinegap=\skip50
\multlinetaggap=\skip51
\mathdisplay@stack=\toks20
LaTeX Info: Redefining \[ on input line 2953.
LaTeX Info: Redefining \] on input line 2954.
)
(C:\KISHOR\SOFTWARES\BASIC_MIKTEX\tex/latex/l3packages/xfrac\xfrac.sty
(C:\KISHOR\SOFTWARES\BASIC_MIKTEX\tex/latex/l3kernel\expl3.sty
Package: expl3 2022-07-04 L3 programming layer (loader) 

(C:\KISHOR\SOFTWARES\BASIC_MIKTEX\tex/latex/l3backend\l3backend-pdftex.def
File: l3backend-pdftex.def 2022-07-01 L3 backend support: PDF output (pdfTeX)
\l__color_backend_stack_int=\count271
\l__pdf_internal_box=\box53
))
(C:\KISHOR\SOFTWARES\BASIC_MIKTEX\tex/latex/graphics\graphicx.sty
Package: graphicx 2021/09/16 v1.2d Enhanced LaTeX Graphics (DPC,SPQR)

(C:\KISHOR\SOFTWARES\BASIC_MIKTEX\tex/latex/graphics\keyval.sty
Package: keyval 2022/05/29 v1.15 key=value parser (DPC)
\KV@toks@=\toks21
)
(C:\KISHOR\SOFTWARES\BASIC_MIKTEX\tex/latex/graphics\graphics.sty
Package: graphics 2022/03/10 v1.4e Standard LaTeX Graphics (DPC,SPQR)

(C:\KISHOR\SOFTWARES\BASIC_MIKTEX\tex/latex/graphics\trig.sty
Package: trig 2021/08/11 v1.11 sin cos tan (DPC)
)
(C:\KISHOR\SOFTWARES\BASIC_MIKTEX\tex/latex/graphics-cfg\graphics.cfg
File: graphics.cfg 2016/06/04 v1.11 sample graphics configuration
)
Package graphics Info: Driver file: pdftex.def on input line 107.

(C:\KISHOR\SOFTWARES\BASIC_MIKTEX\tex/latex/graphics-def\pdftex.def
File: pdftex.def 2020/10/05 v1.2a Graphics/color driver for pdftex
))
\Gin@req@height=\dimen148
\Gin@req@width=\dimen149
)
(C:\KISHOR\SOFTWARES\BASIC_MIKTEX\tex/latex/l3packages/l3keys2e\l3keys2e.sty
Package: l3keys2e 2022-06-22 LaTeX2e option processing using LaTeX3 keys
)
(C:\KISHOR\SOFTWARES\BASIC_MIKTEX\tex/latex/base\textcomp.sty
Package: textcomp 2020/02/02 v2.0n Standard LaTeX package
)
(C:\KISHOR\SOFTWARES\BASIC_MIKTEX\tex/latex/l3packages/xparse\xparse.sty
Package: xparse 2022-06-22 L3 Experimental document command parser
)
(C:\KISHOR\SOFTWARES\BASIC_MIKTEX\tex/latex/l3packages/xtemplate\xtemplate.sty
Package: xtemplate 2022-06-22 L3 Experimental prototype document functions
\l__xtemplate_tmp_dim=\dimen150
\l__xtemplate_tmp_int=\count272
\l__xtemplate_tmp_muskip=\muskip17
\l__xtemplate_tmp_skip=\skip52
)
Package: xfrac 2022-06-22 L3 Experimental split-level fractions
\l__xfrac_slash_box=\box54
\l__xfrac_tmp_box=\box55
\l__xfrac_denominator_bot_sep_dim=\dimen151
\l__xfrac_numerator_bot_sep_dim=\dimen152
\l__xfrac_numerator_top_sep_dim=\dimen153
\l__xfrac_slash_left_sep_dim=\dimen154
\l__xfrac_slash_right_sep_dim=\dimen155
\l__xfrac_slash_left_muskip=\muskip18
\l__xfrac_slash_right_muskip=\muskip19

Package xtemplate Info: Declaring object type 'xfrac' taking 3 argument(s) on
(xtemplate)             line 80.

) (C:\KISHOR\SOFTWARES\BASIC_MIKTEX\tex/latex/enumitem\enumitem.sty
Package: enumitem 2019/06/20 v3.9 Customized lists
\labelindent=\skip53
\enit@outerparindent=\dimen156
\enit@toks=\toks22
\enit@inbox=\box56
\enit@count@id=\count273
\enitdp@description=\count274
)
(C:\KISHOR\SOFTWARES\BASIC_MIKTEX\tex/latex/ulem\ulem.sty
\UL@box=\box57
\UL@hyphenbox=\box58
\UL@skip=\skip54
\UL@hook=\toks23
\UL@height=\dimen157
\UL@pe=\count275
\UL@pixel=\dimen158
\ULC@box=\box59
Package: ulem 2019/11/18
\ULdepth=\dimen159
)
(C:\KISHOR\SOFTWARES\BASIC_MIKTEX\tex/latex/float\float.sty
Package: float 2001/11/08 v1.3d Float enhancements (AL)
\c@float@type=\count276
\float@exts=\toks24
\float@box=\box60
\@float@everytoks=\toks25
\@floatcapt=\box61
)
(C:\KISHOR\SOFTWARES\BASIC_MIKTEX\tex/latex/bigints\bigints.sty
Package: bigints 2010/02/15 Writing big integrals
Package bigints Info: This is Bigints by Merciadri Luca. on input line 5.
)
(C:\KISHOR\SOFTWARES\BASIC_MIKTEX\tex/latex/tools\bm.sty
Package: bm 2021/04/25 v1.2e Bold Symbol Support (DPC/FMi)
\symboldoperators=\mathgroup4
\symboldletters=\mathgroup5
\symboldsymbols=\mathgroup6
Package bm Info: No bold for \OMX/cmex/m/n, using \pmb.
LaTeX Font Info:    Redeclaring math alphabet \mathbf on input line 149.
)
(C:\KISHOR\SOFTWARES\BASIC_MIKTEX\tex/latex/geometry\geometry.sty
Package: geometry 2020/01/02 v5.9 Page Geometry

(C:\KISHOR\SOFTWARES\BASIC_MIKTEX\tex/generic/iftex\ifvtex.sty
Package: ifvtex 2019/10/25 v1.7 ifvtex legacy package. Use iftex instead.

(C:\KISHOR\SOFTWARES\BASIC_MIKTEX\tex/generic/iftex\iftex.sty
Package: iftex 2022/02/03 v1.0f TeX engine tests
))
\Gm@cnth=\count277
\Gm@cntv=\count278
\c@Gm@tempcnt=\count279
\Gm@bindingoffset=\dimen160
\Gm@wd@mp=\dimen161
\Gm@odd@mp=\dimen162
\Gm@even@mp=\dimen163
\Gm@layoutwidth=\dimen164
\Gm@layoutheight=\dimen165
\Gm@layouthoffset=\dimen166
\Gm@layoutvoffset=\dimen167
\Gm@dimlist=\toks26

(C:\KISHOR\SOFTWARES\BASIC_MIKTEX\tex/latex/geometry\geometry.cfg))

LaTeX Warning: Unused global option(s):
    [8pt].

(Thermo Revision.aux)
\openout1 = `"Thermo Revision.aux"'.

LaTeX Font Info:    Checking defaults for OML/cmm/m/it on input line 7.
LaTeX Font Info:    ... okay on input line 7.
LaTeX Font Info:    Checking defaults for OMS/cmsy/m/n on input line 7.
LaTeX Font Info:    ... okay on input line 7.
LaTeX Font Info:    Checking defaults for OT1/cmr/m/n on input line 7.
LaTeX Font Info:    ... okay on input line 7.
LaTeX Font Info:    Checking defaults for T1/cmr/m/n on input line 7.
LaTeX Font Info:    ... okay on input line 7.
LaTeX Font Info:    Checking defaults for TS1/cmr/m/n on input line 7.
LaTeX Font Info:    ... okay on input line 7.
LaTeX Font Info:    Checking defaults for OMX/cmex/m/n on input line 7.
LaTeX Font Info:    ... okay on input line 7.
LaTeX Font Info:    Checking defaults for U/cmr/m/n on input line 7.
LaTeX Font Info:    ... okay on input line 7.

(C:\KISHOR\SOFTWARES\BASIC_MIKTEX\tex/context/base/mkii\supp-pdf.mkii
[Loading MPS to PDF converter (version 2006.09.02).]
\scratchcounter=\count280
\scratchdimen=\dimen168
\scratchbox=\box62
\nofMPsegments=\count281
\nofMParguments=\count282
\everyMPshowfont=\toks27
\MPscratchCnt=\count283
\MPscratchDim=\dimen169
\MPnumerator=\count284
\makeMPintoPDFobject=\count285
\everyMPtoPDFconversion=\toks28
) (C:\KISHOR\SOFTWARES\BASIC_MIKTEX\tex/latex/epstopdf-pkg\epstopdf-base.sty
Package: epstopdf-base 2020-01-24 v2.11 Base part for package epstopdf
Package epstopdf-base Info: Redefining graphics rule for `.eps' on input line 4
85.

(C:\KISHOR\SOFTWARES\BASIC_MIKTEX\tex/latex/00miktex\epstopdf-sys.cfg
File: epstopdf-sys.cfg 2021/03/18 v2.0 Configuration of epstopdf for MiKTeX
))
*geometry* driver: auto-detecting
*geometry* detected driver: pdftex
*geometry* verbose mode - [ preamble ] result:
* driver: pdftex
* paper: <default>
* layout: <same size as paper>
* layoutoffset:(h,v)=(0.0pt,0.0pt)
* modes: 
* h-part:(L,W,R)=(50.58878pt, 513.11745pt, 50.58878pt)
* v-part:(T,H,B)=(50.58878pt, 693.79243pt, 50.58878pt)
* \paperwidth=614.295pt
* \paperheight=794.96999pt
* \textwidth=513.11745pt
* \textheight=693.79243pt
* \oddsidemargin=-21.68121pt
* \evensidemargin=-21.68121pt
* \topmargin=-58.68121pt
* \headheight=12.0pt
* \headsep=25.0pt
* \topskip=10.0pt
* \footskip=30.0pt
* \marginparwidth=65.0pt
* \marginparsep=11.0pt
* \columnsep=10.0pt
* \skip\footins=9.0pt plus 4.0pt minus 2.0pt
* \hoffset=0.0pt
* \voffset=0.0pt
* \mag=1000
* \@twocolumnfalse
* \@twosidefalse
* \@mparswitchfalse
* \@reversemarginfalse
* (1in=72.27pt=25.4mm, 1cm=28.453pt)


Underfull \hbox (badness 10000) in paragraph at lines 13--15

 []


Underfull \hbox (badness 10000) in paragraph at lines 21--25

 []


Underfull \hbox (badness 10000) in paragraph at lines 30--33

 []


Underfull \hbox (badness 10000) in paragraph at lines 37--41

 []


Underfull \hbox (badness 10000) in paragraph at lines 43--47

 []


Underfull \hbox (badness 10000) in paragraph at lines 50--54

 []

[1

{C:/Users/kulas/AppData/Local/MiKTeX/fonts/map/pdftex/pdftex.map}]
Underfull \hbox (badness 10000) in paragraph at lines 66--68

 []


Underfull \hbox (badness 10000) in paragraph at lines 66--68

 []


Underfull \hbox (badness 10000) in paragraph at lines 72--76

 []


Underfull \hbox (badness 10000) in paragraph at lines 72--76

 []


Underfull \hbox (badness 10000) in paragraph at lines 90--91

 []


Underfull \hbox (badness 10000) in paragraph at lines 91--95

 []


Underfull \hbox (badness 10000) in paragraph at lines 91--95

 []

<images//constpress.png, id=15, 442.65375pt x 368.577pt>
File: images//constpress.png Graphic file (type png)
<use images//constpress.png>
Package pdftex.def Info: images//constpress.png  used on input line 104.
(pdftex.def)             Requested size: 132.79713pt x 110.57394pt.

Underfull \hbox (badness 10000) in paragraph at lines 106--107

 []

[2]
<images//consttemp.png, id=24, 422.17725pt x 370.38374pt>
File: images//consttemp.png Graphic file (type png)
<use images//consttemp.png>
Package pdftex.def Info: images//consttemp.png  used on input line 109.
(pdftex.def)             Requested size: 126.65414pt x 111.11597pt.
<images//adiabatic.png, id=25, 398.08725pt x 365.56575pt>
File: images//adiabatic.png Graphic file (type png)
<use images//adiabatic.png>
Package pdftex.def Info: images//adiabatic.png  used on input line 114.
(pdftex.def)             Requested size: 119.4271pt x 109.67056pt.

Underfull \hbox (badness 10000) in paragraph at lines 119--123

 []


Underfull \hbox (badness 10000) in paragraph at lines 119--123

 []

[3 <./images//constpress.png> <./images//consttemp.png> <./images//adiabatic.pn
g>]
LaTeX Font Info:    Trying to load font information for OML+cmr on input line 1
52.
 (C:\KISHOR\SOFTWARES\BASIC_MIKTEX\tex/latex/base\omlcmr.fd
File: omlcmr.fd 2019/12/16 v2.5j Standard LaTeX font definitions
)
LaTeX Font Info:    Font shape `OML/cmr/bx/n' in size <10> not available
(Font)              Font shape `OML/cmm/b/it' tried instead on input line 152.

Underfull \hbox (badness 10000) in paragraph at lines 159--161

 []


Underfull \hbox (badness 10000) in paragraph at lines 169--174

 []


Underfull \hbox (badness 10000) in paragraph at lines 169--174

 []


Underfull \hbox (badness 10000) in paragraph at lines 176--180

 []

[4]
Underfull \hbox (badness 10000) in paragraph at lines 183--187

 []


Underfull \hbox (badness 10000) in paragraph at lines 189--193

 []


Underfull \hbox (badness 10000) in paragraph at lines 194--198

 []


Underfull \hbox (badness 10000) in paragraph at lines 206--209

 []


Underfull \hbox (badness 10000) in paragraph at lines 206--209

 []


Underfull \hbox (badness 10000) in paragraph at lines 221--224

 []

[5]
Underfull \hbox (badness 10000) in paragraph at lines 230--234

 []


Underfull \hbox (badness 10000) in paragraph at lines 243--247

 []


Underfull \hbox (badness 10000) in paragraph at lines 256--260

 []


Underfull \hbox (badness 10000) in paragraph at lines 272--276

 []

[6]
Underfull \hbox (badness 10000) in paragraph at lines 285--288

 []


Underfull \hbox (badness 10000) in paragraph at lines 316--321

 []

[7]
Underfull \hbox (badness 10000) in paragraph at lines 327--331

 []


Underfull \hbox (badness 10000) in paragraph at lines 347--348

 []


Underfull \hbox (badness 10000) in paragraph at lines 351--354

 []


Underfull \hbox (badness 10000) in paragraph at lines 360--363

 []

[8]
Underfull \hbox (badness 10000) in paragraph at lines 372--375

 []


Underfull \hbox (badness 10000) in paragraph at lines 379--383

 []


Underfull \hbox (badness 10000) in paragraph at lines 387--390

 []


Underfull \hbox (badness 10000) in paragraph at lines 403--404

 []

[9]
Underfull \hbox (badness 10000) in paragraph at lines 423--427

 []


Underfull \hbox (badness 10000) in paragraph at lines 434--438

 []


Underfull \hbox (badness 10000) in paragraph at lines 441--444

 []

<images//carnot_combined.png, id=53, 957.5775pt x 425.79076pt>
File: images//carnot_combined.png Graphic file (type png)
<use images//carnot_combined.png>
Package pdftex.def Info: images//carnot_combined.png  used on input line 452.
(pdftex.def)             Requested size: 287.27547pt x 127.7382pt.
[10 <./images//carnot_combined.png>]
Underfull \hbox (badness 10000) in paragraph at lines 459--463

 []


Underfull \hbox (badness 10000) in paragraph at lines 465--468

 []


Underfull \hbox (badness 10000) in paragraph at lines 471--475

 []


Overfull \hbox (25.54668pt too wide) in paragraph at lines 476--477
[]\OT1/cmr/m/n/10 From carnot's prin-ci-ple II, the ef-fi-ciency is de-pen-dent
 on the op-er-at-ing tem-per-a-ture range only, i.e,. $[]$ 
 []


Underfull \hbox (badness 10000) in paragraph at lines 482--486

 []


LaTeX Font Warning: Font shape `OT1/cmr/bx/sc' undefined
(Font)              using `OT1/cmr/bx/n' instead on input line 486.


Underfull \hbox (badness 10000) in paragraph at lines 499--501

 []

[11]
Underfull \hbox (badness 10000) in paragraph at lines 507--511

 []

<images//entropy.png, id=61, 455.90324pt x 414.348pt>
File: images//entropy.png Graphic file (type png)
<use images//entropy.png>
Package pdftex.def Info: images//entropy.png  used on input line 513.
(pdftex.def)             Requested size: 136.77202pt x 124.30536pt.

Underfull \hbox (badness 10000) in paragraph at lines 521--525

 []

[12 <./images//entropy.png>]
Underfull \hbox (badness 10000) in paragraph at lines 536--540

 []


Underfull \hbox (badness 10000) in paragraph at lines 549--553

 []


Underfull \hbox (badness 10000) in paragraph at lines 557--561

 []


Underfull \hbox (badness 10000) in paragraph at lines 571--575

 []

[13]
Underfull \hbox (badness 10000) in paragraph at lines 577--581

 []


Underfull \hbox (badness 10000) in paragraph at lines 587--593

 []


Underfull \hbox (badness 10000) in paragraph at lines 587--593

 []


Underfull \hbox (badness 10000) in paragraph at lines 611--616

 []

[14]
Overfull \hbox (12.66322pt too wide) in paragraph at lines 625--626
[]$[]$ $[]$ \OT1/cmr/m/n/10 and $[]  =[]\OMS/cmsy/m/n/10 )  []  \OT1/cmr/m/n/10
 =[]\OMS/cmsy/m/n/10 )  []$ 
 []


Underfull \hbox (badness 10000) in paragraph at lines 631--635

 []


Underfull \hbox (badness 10000) in paragraph at lines 640--644

 []


Underfull \hbox (badness 10000) in paragraph at lines 654--658

 []

[15]
Underfull \hbox (badness 10000) in paragraph at lines 659--663

 []


Underfull \hbox (badness 10000) in paragraph at lines 666--670

 []


Underfull \hbox (badness 10000) in paragraph at lines 685--689

 []


Underfull \hbox (badness 10000) in paragraph at lines 696--697

 []

[16]
Underfull \hbox (badness 10000) in paragraph at lines 711--716

 []


Underfull \hbox (badness 10000) in paragraph at lines 711--716

 []


Underfull \hbox (badness 10000) in paragraph at lines 730--734

 []


Underfull \hbox (badness 10000) in paragraph at lines 742--746

 []

[17]
Underfull \hbox (badness 10000) in paragraph at lines 750--754

 []


Underfull \hbox (badness 10000) in paragraph at lines 761--763

 []


Underfull \hbox (badness 10000) in paragraph at lines 761--763

 []


Underfull \hbox (badness 10000) in paragraph at lines 766--768

 []


Underfull \hbox (badness 10000) in paragraph at lines 769--773

 []

[18]
<images//Phasechange.png, id=87, 681.747pt x 396.2805pt>
File: images//Phasechange.png Graphic file (type png)
<use images//Phasechange.png>
Package pdftex.def Info: images//Phasechange.png  used on input line 791.
(pdftex.def)             Requested size: 340.87265pt x 198.13976pt.

Underfull \hbox (badness 10000) in paragraph at lines 800--805

 []


Underfull \hbox (badness 10000) in paragraph at lines 800--805

 []


Underfull \hbox (badness 10000) in paragraph at lines 817--821

 []

[19 <./images//Phasechange.png>]
Underfull \hbox (badness 10000) in paragraph at lines 830--834

 []


Underfull \hbox (badness 10000) in paragraph at lines 853--858

 []


Underfull \hbox (badness 10000) in paragraph at lines 853--858

 []

[20]
Underfull \hbox (badness 10000) in paragraph at lines 881--885

 []


Underfull \hbox (badness 10000) in paragraph at lines 893--895

 []


Underfull \hbox (badness 10000) in paragraph at lines 893--895

 []


Underfull \hbox (badness 10000) in paragraph at lines 898--900

 []


Underfull \hbox (badness 10000) in paragraph at lines 901--905

 []

[21]
Underfull \hbox (badness 10000) in paragraph at lines 925--929

 []


Underfull \hbox (badness 10000) in paragraph at lines 932--936

 []


Underfull \hbox (badness 10000) in paragraph at lines 939--943

 []


Underfull \hbox (badness 10000) in paragraph at lines 944--948

 []


Underfull \hbox (badness 10000) in paragraph at lines 956--960

 []

[22]
Underfull \hbox (badness 10000) in paragraph at lines 972--976

 []


Underfull \hbox (badness 10000) in paragraph at lines 985--987

 []


Underfull \hbox (badness 10000) in paragraph at lines 985--987

 []

[23] (Thermo Revision.aux)

LaTeX Font Warning: Size substitutions with differences
(Font)              up to 3.25pt have occurred.


LaTeX Font Warning: Some font shapes were not available, defaults substituted.

 ) 
Here is how much of TeX's memory you used:
 4015 strings out of 478338
 72551 string characters out of 2842329
 405731 words of memory out of 3000000
 22381 multiletter control sequences out of 15000+600000
 483157 words of font info for 77 fonts, out of 8000000 for 9000
 1141 hyphenation exceptions out of 8191
 70i,12n,76p,740b,528s stack positions out of 10000i,1000n,20000p,200000b,80000s
 <C:\Users\kulas\AppData\Local\MiKTeX\fonts/pk/ljfour/jknappen/ec/dpi600\tcrm
1000.pk><C:/KISHOR/SOFTWARES/BASIC_MIKTEX/fonts/type1/public/amsfonts/cm/cmbx10
.pfb><C:/KISHOR/SOFTWARES/BASIC_MIKTEX/fonts/type1/public/amsfonts/cm/cmbx12.pf
b><C:/KISHOR/SOFTWARES/BASIC_MIKTEX/fonts/type1/public/amsfonts/cm/cmcsc10.pfb>
<C:/KISHOR/SOFTWARES/BASIC_MIKTEX/fonts/type1/public/amsfonts/cm/cmex10.pfb><C:
/KISHOR/SOFTWARES/BASIC_MIKTEX/fonts/type1/public/amsfonts/cm/cmmi10.pfb><C:/KI
SHOR/SOFTWARES/BASIC_MIKTEX/fonts/type1/public/amsfonts/cm/cmmi5.pfb><C:/KISHOR
/SOFTWARES/BASIC_MIKTEX/fonts/type1/public/amsfonts/cm/cmmi7.pfb><C:/KISHOR/SOF
TWARES/BASIC_MIKTEX/fonts/type1/public/amsfonts/cm/cmmib10.pfb><C:/KISHOR/SOFTW
ARES/BASIC_MIKTEX/fonts/type1/public/amsfonts/cmextra/cmmib7.pfb><C:/KISHOR/SOF
TWARES/BASIC_MIKTEX/fonts/type1/public/amsfonts/cm/cmr10.pfb><C:/KISHOR/SOFTWAR
ES/BASIC_MIKTEX/fonts/type1/public/amsfonts/cm/cmr12.pfb><C:/KISHOR/SOFTWARES/B
ASIC_MIKTEX/fonts/type1/public/amsfonts/cm/cmr17.pfb><C:/KISHOR/SOFTWARES/BASIC
_MIKTEX/fonts/type1/public/amsfonts/cm/cmr7.pfb><C:/KISHOR/SOFTWARES/BASIC_MIKT
EX/fonts/type1/public/amsfonts/cm/cmsy10.pfb><C:/KISHOR/SOFTWARES/BASIC_MIKTEX/
fonts/type1/public/amsfonts/cm/cmsy7.pfb><C:/KISHOR/SOFTWARES/BASIC_MIKTEX/font
s/type1/public/amsfonts/cm/cmti10.pfb><C:/KISHOR/SOFTWARES/BASIC_MIKTEX/fonts/t
ype1/public/amsfonts/latxfont/lasy6.pfb>
Output written on "Thermo Revision.pdf" (23 pages, 699239 bytes).
PDF statistics:
 181 PDF objects out of 1000 (max. 8388607)
 0 named destinations out of 1000 (max. 500000)
 31 words of extra memory for PDF output out of 10000 (max. 10000000)

