This is pdfTeX, Version 3.141592653-2.6-1.40.24 (MiKTeX 22.7) (preloaded format=pdflatex 2022.8.4)  2 FEB 2023 10:55
entering extended mode
 restricted \write18 enabled.
 %&-line parsing enabled.
**"./SOM Revision.tex"
(SOM Revision.tex
LaTeX2e <2022-06-01> patch level 5
L3 programming layer <2022-07-04>
(C:\KISHOR\SOFTWARES\BASIC_MIKTEX\tex/latex/base\report.cls
Document Class: report 2021/10/04 v1.4n Standard LaTeX document class
(C:\KISHOR\SOFTWARES\BASIC_MIKTEX\tex/latex/base\size10.clo
File: size10.clo 2021/10/04 v1.4n Standard LaTeX file (size option)
)
\c@part=\count185
\c@chapter=\count186
\c@section=\count187
\c@subsection=\count188
\c@subsubsection=\count189
\c@paragraph=\count190
\c@subparagraph=\count191
\c@figure=\count192
\c@table=\count193
\abovecaptionskip=\skip47
\belowcaptionskip=\skip48
\bibindent=\dimen138
)
(C:\KISHOR\SOFTWARES\BASIC_MIKTEX\tex/latex/amsmath\amsmath.sty
Package: amsmath 2022/04/08 v2.17n AMS math features
\@mathmargin=\skip49

For additional information on amsmath, use the `?' option.
(C:\KISHOR\SOFTWARES\BASIC_MIKTEX\tex/latex/amsmath\amstext.sty
Package: amstext 2021/08/26 v2.01 AMS text

(C:\KISHOR\SOFTWARES\BASIC_MIKTEX\tex/latex/amsmath\amsgen.sty
File: amsgen.sty 1999/11/30 v2.0 generic functions
\@emptytoks=\toks16
\ex@=\dimen139
))
(C:\KISHOR\SOFTWARES\BASIC_MIKTEX\tex/latex/amsmath\amsbsy.sty
Package: amsbsy 1999/11/29 v1.2d Bold Symbols
\pmbraise@=\dimen140
)
(C:\KISHOR\SOFTWARES\BASIC_MIKTEX\tex/latex/amsmath\amsopn.sty
Package: amsopn 2022/04/08 v2.04 operator names
)
\inf@bad=\count194
LaTeX Info: Redefining \frac on input line 234.
\uproot@=\count195
\leftroot@=\count196
LaTeX Info: Redefining \overline on input line 399.
LaTeX Info: Redefining \colon on input line 410.
\classnum@=\count197
\DOTSCASE@=\count198
LaTeX Info: Redefining \ldots on input line 496.
LaTeX Info: Redefining \dots on input line 499.
LaTeX Info: Redefining \cdots on input line 620.
\Mathstrutbox@=\box51
\strutbox@=\box52
LaTeX Info: Redefining \big on input line 722.
LaTeX Info: Redefining \Big on input line 723.
LaTeX Info: Redefining \bigg on input line 724.
LaTeX Info: Redefining \Bigg on input line 725.
\big@size=\dimen141
LaTeX Font Info:    Redeclaring font encoding OML on input line 743.
LaTeX Font Info:    Redeclaring font encoding OMS on input line 744.
\macc@depth=\count199
LaTeX Info: Redefining \bmod on input line 905.
LaTeX Info: Redefining \pmod on input line 910.
LaTeX Info: Redefining \smash on input line 940.
LaTeX Info: Redefining \relbar on input line 970.
LaTeX Info: Redefining \Relbar on input line 971.
\c@MaxMatrixCols=\count266
\dotsspace@=\muskip16
\c@parentequation=\count267
\dspbrk@lvl=\count268
\tag@help=\toks17
\row@=\count269
\column@=\count270
\maxfields@=\count271
\andhelp@=\toks18
\eqnshift@=\dimen142
\alignsep@=\dimen143
\tagshift@=\dimen144
\tagwidth@=\dimen145
\totwidth@=\dimen146
\lineht@=\dimen147
\@envbody=\toks19
\multlinegap=\skip50
\multlinetaggap=\skip51
\mathdisplay@stack=\toks20
LaTeX Info: Redefining \[ on input line 2953.
LaTeX Info: Redefining \] on input line 2954.
)
(C:\KISHOR\SOFTWARES\BASIC_MIKTEX\tex/latex/l3packages/xfrac\xfrac.sty
(C:\KISHOR\SOFTWARES\BASIC_MIKTEX\tex/latex/l3kernel\expl3.sty
Package: expl3 2022-07-04 L3 programming layer (loader) 

(C:\KISHOR\SOFTWARES\BASIC_MIKTEX\tex/latex/l3backend\l3backend-pdftex.def
File: l3backend-pdftex.def 2022-07-01 L3 backend support: PDF output (pdfTeX)
\l__color_backend_stack_int=\count272
\l__pdf_internal_box=\box53
))
(C:\KISHOR\SOFTWARES\BASIC_MIKTEX\tex/latex/graphics\graphicx.sty
Package: graphicx 2021/09/16 v1.2d Enhanced LaTeX Graphics (DPC,SPQR)

(C:\KISHOR\SOFTWARES\BASIC_MIKTEX\tex/latex/graphics\keyval.sty
Package: keyval 2022/05/29 v1.15 key=value parser (DPC)
\KV@toks@=\toks21
)
(C:\KISHOR\SOFTWARES\BASIC_MIKTEX\tex/latex/graphics\graphics.sty
Package: graphics 2022/03/10 v1.4e Standard LaTeX Graphics (DPC,SPQR)

(C:\KISHOR\SOFTWARES\BASIC_MIKTEX\tex/latex/graphics\trig.sty
Package: trig 2021/08/11 v1.11 sin cos tan (DPC)
)
(C:\KISHOR\SOFTWARES\BASIC_MIKTEX\tex/latex/graphics-cfg\graphics.cfg
File: graphics.cfg 2016/06/04 v1.11 sample graphics configuration
)
Package graphics Info: Driver file: pdftex.def on input line 107.

(C:\KISHOR\SOFTWARES\BASIC_MIKTEX\tex/latex/graphics-def\pdftex.def
File: pdftex.def 2020/10/05 v1.2a Graphics/color driver for pdftex
))
\Gin@req@height=\dimen148
\Gin@req@width=\dimen149
)
(C:\KISHOR\SOFTWARES\BASIC_MIKTEX\tex/latex/l3packages/l3keys2e\l3keys2e.sty
Package: l3keys2e 2022-06-22 LaTeX2e option processing using LaTeX3 keys
)
(C:\KISHOR\SOFTWARES\BASIC_MIKTEX\tex/latex/base\textcomp.sty
Package: textcomp 2020/02/02 v2.0n Standard LaTeX package
)
(C:\KISHOR\SOFTWARES\BASIC_MIKTEX\tex/latex/l3packages/xparse\xparse.sty
Package: xparse 2022-06-22 L3 Experimental document command parser
)
(C:\KISHOR\SOFTWARES\BASIC_MIKTEX\tex/latex/l3packages/xtemplate\xtemplate.sty
Package: xtemplate 2022-06-22 L3 Experimental prototype document functions
\l__xtemplate_tmp_dim=\dimen150
\l__xtemplate_tmp_int=\count273
\l__xtemplate_tmp_muskip=\muskip17
\l__xtemplate_tmp_skip=\skip52
)
Package: xfrac 2022-06-22 L3 Experimental split-level fractions
\l__xfrac_slash_box=\box54
\l__xfrac_tmp_box=\box55
\l__xfrac_denominator_bot_sep_dim=\dimen151
\l__xfrac_numerator_bot_sep_dim=\dimen152
\l__xfrac_numerator_top_sep_dim=\dimen153
\l__xfrac_slash_left_sep_dim=\dimen154
\l__xfrac_slash_right_sep_dim=\dimen155
\l__xfrac_slash_left_muskip=\muskip18
\l__xfrac_slash_right_muskip=\muskip19

Package xtemplate Info: Declaring object type 'xfrac' taking 3 argument(s) on
(xtemplate)             line 80.

) (C:\KISHOR\SOFTWARES\BASIC_MIKTEX\tex/latex/enumitem\enumitem.sty
Package: enumitem 2019/06/20 v3.9 Customized lists
\labelindent=\skip53
\enit@outerparindent=\dimen156
\enit@toks=\toks22
\enit@inbox=\box56
\enit@count@id=\count274
\enitdp@description=\count275
)
(C:\KISHOR\SOFTWARES\BASIC_MIKTEX\tex/latex/ulem\ulem.sty
\UL@box=\box57
\UL@hyphenbox=\box58
\UL@skip=\skip54
\UL@hook=\toks23
\UL@height=\dimen157
\UL@pe=\count276
\UL@pixel=\dimen158
\ULC@box=\box59
Package: ulem 2019/11/18
\ULdepth=\dimen159
)
(C:\KISHOR\SOFTWARES\BASIC_MIKTEX\tex/latex/float\float.sty
Package: float 2001/11/08 v1.3d Float enhancements (AL)
\c@float@type=\count277
\float@exts=\toks24
\float@box=\box60
\@float@everytoks=\toks25
\@floatcapt=\box61
)
(C:\KISHOR\SOFTWARES\BASIC_MIKTEX\tex/latex/bigints\bigints.sty
Package: bigints 2010/02/15 Writing big integrals
Package bigints Info: This is Bigints by Merciadri Luca. on input line 5.
)
(C:\KISHOR\SOFTWARES\BASIC_MIKTEX\tex/latex/tools\bm.sty
Package: bm 2021/04/25 v1.2e Bold Symbol Support (DPC/FMi)
\symboldoperators=\mathgroup4
\symboldletters=\mathgroup5
\symboldsymbols=\mathgroup6
Package bm Info: No bold for \OMX/cmex/m/n, using \pmb.
LaTeX Font Info:    Redeclaring math alphabet \mathbf on input line 149.
)
(C:\KISHOR\SOFTWARES\BASIC_MIKTEX\tex/latex/titlesec\titlesec.sty
Package: titlesec 2021/07/05 v2.14 Sectioning titles
\ttl@box=\box62
\beforetitleunit=\skip55
\aftertitleunit=\skip56
\ttl@plus=\dimen160
\ttl@minus=\dimen161
\ttl@toksa=\toks26
\titlewidth=\dimen162
\titlewidthlast=\dimen163
\titlewidthfirst=\dimen164
)
(C:\KISHOR\SOFTWARES\BASIC_MIKTEX\tex/latex/mathtools\mathtools.sty
Package: mathtools 2022/06/29 v1.29 mathematical typesetting tools

(C:\KISHOR\SOFTWARES\BASIC_MIKTEX\tex/latex/tools\calc.sty
Package: calc 2017/05/25 v4.3 Infix arithmetic (KKT,FJ)
\calc@Acount=\count278
\calc@Bcount=\count279
\calc@Adimen=\dimen165
\calc@Bdimen=\dimen166
\calc@Askip=\skip57
\calc@Bskip=\skip58
LaTeX Info: Redefining \setlength on input line 80.
LaTeX Info: Redefining \addtolength on input line 81.
\calc@Ccount=\count280
\calc@Cskip=\skip59
)
(C:\KISHOR\SOFTWARES\BASIC_MIKTEX\tex/latex/mathtools\mhsetup.sty
Package: mhsetup 2021/03/18 v1.4 programming setup (MH)
)
\g_MT_multlinerow_int=\count281
\l_MT_multwidth_dim=\dimen167
\origjot=\skip60
\l_MT_shortvdotswithinadjustabove_dim=\dimen168
\l_MT_shortvdotswithinadjustbelow_dim=\dimen169
\l_MT_above_intertext_sep=\dimen170
\l_MT_below_intertext_sep=\dimen171
\l_MT_above_shortintertext_sep=\dimen172
\l_MT_below_shortintertext_sep=\dimen173
\xmathstrut@box=\box63
\xmathstrut@dim=\dimen174
)
(C:\KISHOR\SOFTWARES\BASIC_MIKTEX\tex/latex/geometry\geometry.sty
Package: geometry 2020/01/02 v5.9 Page Geometry

(C:\KISHOR\SOFTWARES\BASIC_MIKTEX\tex/generic/iftex\ifvtex.sty
Package: ifvtex 2019/10/25 v1.7 ifvtex legacy package. Use iftex instead.

(C:\KISHOR\SOFTWARES\BASIC_MIKTEX\tex/generic/iftex\iftex.sty
Package: iftex 2022/02/03 v1.0f TeX engine tests
))
\Gm@cnth=\count282
\Gm@cntv=\count283
\c@Gm@tempcnt=\count284
\Gm@bindingoffset=\dimen175
\Gm@wd@mp=\dimen176
\Gm@odd@mp=\dimen177
\Gm@even@mp=\dimen178
\Gm@layoutwidth=\dimen179
\Gm@layoutheight=\dimen180
\Gm@layouthoffset=\dimen181
\Gm@layoutvoffset=\dimen182
\Gm@dimlist=\toks27

(C:\KISHOR\SOFTWARES\BASIC_MIKTEX\tex/latex/geometry\geometry.cfg))

LaTeX Warning: Unused global option(s):
    [8pt].

No file "SOM Revision".aux.
\openout1 = `"SOM Revision.aux"'.

LaTeX Font Info:    Checking defaults for OML/cmm/m/it on input line 9.
LaTeX Font Info:    ... okay on input line 9.
LaTeX Font Info:    Checking defaults for OMS/cmsy/m/n on input line 9.
LaTeX Font Info:    ... okay on input line 9.
LaTeX Font Info:    Checking defaults for OT1/cmr/m/n on input line 9.
LaTeX Font Info:    ... okay on input line 9.
LaTeX Font Info:    Checking defaults for T1/cmr/m/n on input line 9.
LaTeX Font Info:    ... okay on input line 9.
LaTeX Font Info:    Checking defaults for TS1/cmr/m/n on input line 9.
LaTeX Font Info:    ... okay on input line 9.
LaTeX Font Info:    Checking defaults for OMX/cmex/m/n on input line 9.
LaTeX Font Info:    ... okay on input line 9.
LaTeX Font Info:    Checking defaults for U/cmr/m/n on input line 9.
LaTeX Font Info:    ... okay on input line 9.
(C:\KISHOR\SOFTWARES\BASIC_MIKTEX\tex/context/base/mkii\supp-pdf.mkii
[Loading MPS to PDF converter (version 2006.09.02).]
\scratchcounter=\count285
\scratchdimen=\dimen183
\scratchbox=\box64
\nofMPsegments=\count286
\nofMParguments=\count287
\everyMPshowfont=\toks28
\MPscratchCnt=\count288
\MPscratchDim=\dimen184
\MPnumerator=\count289
\makeMPintoPDFobject=\count290
\everyMPtoPDFconversion=\toks29
) (C:\KISHOR\SOFTWARES\BASIC_MIKTEX\tex/latex/epstopdf-pkg\epstopdf-base.sty
Package: epstopdf-base 2020-01-24 v2.11 Base part for package epstopdf
Package epstopdf-base Info: Redefining graphics rule for `.eps' on input line 4
85.

(C:\KISHOR\SOFTWARES\BASIC_MIKTEX\tex/latex/00miktex\epstopdf-sys.cfg
File: epstopdf-sys.cfg 2021/03/18 v2.0 Configuration of epstopdf for MiKTeX
))
*geometry* driver: auto-detecting
*geometry* detected driver: pdftex
*geometry* verbose mode - [ preamble ] result:
* driver: pdftex
* paper: <default>
* layout: <same size as paper>
* layoutoffset:(h,v)=(0.0pt,0.0pt)
* modes: 
* h-part:(L,W,R)=(50.58878pt, 513.11745pt, 50.58878pt)
* v-part:(T,H,B)=(50.58878pt, 693.79243pt, 50.58878pt)
* \paperwidth=614.295pt
* \paperheight=794.96999pt
* \textwidth=513.11745pt
* \textheight=693.79243pt
* \oddsidemargin=-21.68121pt
* \evensidemargin=-21.68121pt
* \topmargin=-58.68121pt
* \headheight=12.0pt
* \headsep=25.0pt
* \topskip=10.0pt
* \footskip=30.0pt
* \marginparwidth=65.0pt
* \marginparsep=11.0pt
* \columnsep=10.0pt
* \skip\footins=9.0pt plus 4.0pt minus 2.0pt
* \hoffset=0.0pt
* \voffset=0.0pt
* \mag=1000
* \@twocolumnfalse
* \@twosidefalse
* \@mparswitchfalse
* \@reversemarginfalse
* (1in=72.27pt=25.4mm, 1cm=28.453pt)

[1

{C:/Users/kulas/AppData/Local/MiKTeX/fonts/map/pdftex/pdftex.map}]
No file "SOM Revision".toc.
\tf@toc=\write3
\openout3 = `"SOM Revision.toc"'.

[1

]
Chapter 1.

Underfull \hbox (badness 10000) in paragraph at lines 36--37

 []


Underfull \hbox (badness 10000) in paragraph at lines 41--42

 []

[2

]
Overfull \hbox (11.6284pt too wide) in paragraph at lines 58--59
[]\OT1/cmr/bx/n/10 Relationship be-tween $\OML/cmm/m/it/10 ^^[[] \OT1/cmr/m/n/1
0 & \OML/cmm/m/it/10 ^^[[]$ \OT1/cmr/bx/n/10 : $[]  \OMS/cmsy/m/n/10 ([]\OT1/cm
r/m/n/10 =  +\OML/cmm/m/it/10 ve\OT1/cmr/m/n/10 (\OML/cmm/m/it/10 Tension\OT1/c
mr/m/n/10 ) &  \OMS/cmsy/m/n/10 ^^@ \OML/cmm/m/it/10 ve\OT1/cmr/m/n/10 (\OML/cm
m/m/it/10 Compression\OT1/cmr/m/n/10 )$ 
 []

<images//stress-strain-curve.png, id=22, 380.622pt x 319.1925pt>
File: images//stress-strain-curve.png Graphic file (type png)
<use images//stress-strain-curve.png>
Package pdftex.def Info: images//stress-strain-curve.png  used on input line 72
.
(pdftex.def)             Requested size: 152.2461pt x 127.67473pt.
[3 <./images//stress-strain-curve.png>] [4]
<images//Typesofmaterialbehaviour.png, id=31, 1474.308pt x 701.019pt>
File: images//Typesofmaterialbehaviour.png Graphic file (type png)
<use images//Typesofmaterialbehaviour.png>
Package pdftex.def Info: images//Typesofmaterialbehaviour.png  used on input li
ne 200.
(pdftex.def)             Requested size: 368.5761pt x 175.25432pt.
 [5 <./images//Typesofmaterialbehaviour.png>] [6]
Chapter 2.
[7

]
<images//shearstrain.png, id=44, 542.62724pt x 249.93375pt>
File: images//shearstrain.png Graphic file (type png)
<use images//shearstrain.png>
Package pdftex.def Info: images//shearstrain.png  used on input line 313.
(pdftex.def)             Requested size: 162.78943pt x 74.9807pt.

Overfull \hbox (32.93951pt too wide) in paragraph at lines 321--322
[]$[]   []   []   []   []   []   $ 
 []

[8 <./images//shearstrain.png>] [9] [10]
<images//superposition.png, id=56, 609.477pt x 355.3275pt>
File: images//superposition.png Graphic file (type png)
<use images//superposition.png>
Package pdftex.def Info: images//superposition.png  used on input line 433.
(pdftex.def)             Requested size: 304.73776pt x 177.6633pt.
<images//compositebar.png, id=57, 534.19576pt x 193.9245pt>
File: images//compositebar.png Graphic file (type png)
<use images//compositebar.png>
Package pdftex.def Info: images//compositebar.png  used on input line 446.
(pdftex.def)             Requested size: 267.09723pt x 96.962pt.
 [11 <./images//superposition.png>]
[12 <./images//compositebar.png>]
Overfull \hbox (12.00539pt too wide) in paragraph at lines 498--499
\OT1/cmr/m/n/10 can write: Cop-per free ex-pan-sion + con-trac-tion = steel fre
e ex-pan-sion + ten-sion $ =[]\OMS/cmsy/m/n/10 )  []$ 
 []

[13] [14]
Chapter 3.
[15

]
<images//curvetracing.png, id=77, 801.59476pt x 340.27126pt>
File: images//curvetracing.png Graphic file (type png)
<use images//curvetracing.png>
Package pdftex.def Info: images//curvetracing.png  used on input line 612.
(pdftex.def)             Requested size: 320.63222pt x 136.10608pt.
 [16 <./images//curvetracing.png>]
<images//concmoment.png, id=82, 531.1845pt x 380.01974pt>
File: images//concmoment.png Graphic file (type png)
<use images//concmoment.png>
Package pdftex.def Info: images//concmoment.png  used on input line 631.
(pdftex.def)             Requested size: 265.59158pt x 190.0094pt.
 [17 <./images//concmoment.png>] [18]
Chapter 4.
<images//breakingcomposite.png, id=91, 784.1295pt x 451.6875pt>
File: images//breakingcomposite.png Graphic file (type png)
<use images//breakingcomposite.png>
Package pdftex.def Info: images//breakingcomposite.png  used on input line 670.

(pdftex.def)             Requested size: 313.64624pt x 180.67178pt.
[19

 <./images//breakingcomposite.png>]
<images//triangleybar.png, id=97, 738.96075pt x 443.85825pt>
File: images//triangleybar.png Graphic file (type png)
<use images//triangleybar.png>
Package pdftex.def Info: images//triangleybar.png  used on input line 695.
(pdftex.def)             Requested size: 369.47948pt x 221.92857pt.
 [20 <./images//triangleybar.png>]
<images//bending.png, id=102, 804.00375pt x 263.7855pt>
File: images//bending.png Graphic file (type png)
<use images//bending.png>
Package pdftex.def Info: images//bending.png  used on input line 738.
(pdftex.def)             Requested size: 321.59581pt x 105.51233pt.
<images//rectangleMOI_Ix.png, id=103, 320.99925pt x 413.1435pt>
File: images//rectangleMOI_Ix.png Graphic file (type png)
<use images//rectangleMOI_Ix.png>
Package pdftex.def Info: images//rectangleMOI_Ix.png  used on input line 755.
(pdftex.def)             Requested size: 112.35141pt x 144.60239pt.
<images//rectangleMOI_Iy.png, id=104, 325.81725pt x 413.1435pt>
File: images//rectangleMOI_Iy.png Graphic file (type png)
<use images//rectangleMOI_Iy.png>
Package pdftex.def Info: images//rectangleMOI_Iy.png  used on input line 756.
(pdftex.def)             Requested size: 114.03773pt x 144.60239pt.

[21 <./images//bending.png>]
<images//rectangleMOIcorner_Ix.png, id=109, 353.52075pt x 410.13225pt>
File: images//rectangleMOIcorner_Ix.png Graphic file (type png)
<use images//rectangleMOIcorner_Ix.png>
Package pdftex.def Info: images//rectangleMOIcorner_Ix.png  used on input line 
783.
(pdftex.def)             Requested size: 141.40579pt x 164.04999pt.
<images//rectangleMOIcorner_Iy.png, id=110, 349.90726pt x 404.10976pt>
File: images//rectangleMOIcorner_Iy.png Graphic file (type png)
<use images//rectangleMOIcorner_Iy.png>
Package pdftex.def Info: images//rectangleMOIcorner_Iy.png  used on input line 
784.
(pdftex.def)             Requested size: 139.96042pt x 161.64104pt.
 [22 <./images//rectangleMOI_Ix.png> <./images//rectangleMOI_Iy.png> <./images/
/rectangleMOIcorner_Ix.png> <./images//rectangleMOIcorner_Iy.png>]
File: images//rectangleMOI_Ix.png Graphic file (type png)
<use images//rectangleMOI_Ix.png>
Package pdftex.def Info: images//rectangleMOI_Ix.png  used on input line 849.
(pdftex.def)             Requested size: 128.39742pt x 165.25446pt.

Overfull \hbox (47.94798pt too wide) detected at line 855
[]
 []

[23]
<images//perpendiculartheorem.png, id=122, 367.3725pt x 310.761pt>
File: images//perpendiculartheorem.png Graphic file (type png)
<use images//perpendiculartheorem.png>
Package pdftex.def Info: images//perpendiculartheorem.png  used on input line 8
66.
(pdftex.def)             Requested size: 183.68579pt x 155.38011pt.
<images//circleMOI.png, id=123, 374.5995pt x 314.3745pt>
File: images//circleMOI.png Graphic file (type png)
<use images//circleMOI.png>
Package pdftex.def Info: images//circleMOI.png  used on input line 875.
(pdftex.def)             Requested size: 187.29929pt x 157.18686pt.

Overfull \hbox (45.0355pt too wide) in paragraph at lines 875--875
[][] 
 []


Overfull \hbox (72.81651pt too wide) detected at line 885
[]
 []

[24 <./images//perpendiculartheorem.png> <./images//circleMOI.png>]
<images//radiusofgyration.png, id=132, 790.152pt x 401.70074pt>
File: images//radiusofgyration.png Graphic file (type png)
<use images//radiusofgyration.png>
Package pdftex.def Info: images//radiusofgyration.png  used on input line 911.
(pdftex.def)             Requested size: 316.05519pt x 160.67744pt.
 [25 <./images//radiusofgyration.png>]
Chapter 5.
<images//effectofbending.png, id=139, 793.16325pt x 354.123pt>
File: images//effectofbending.png Graphic file (type png)
<use images//effectofbending.png>
Package pdftex.def Info: images//effectofbending.png  used on input line 921.
(pdftex.def)             Requested size: 317.25969pt x 141.64668pt.
[26

 <./images//effectofbending.png>]
<images//natureofbending.png, id=144, 611.28375pt x 328.22626pt>
File: images//natureofbending.png Graphic file (type png)
<use images//natureofbending.png>
Package pdftex.def Info: images//natureofbending.png  used on input line 953.
(pdftex.def)             Requested size: 305.64113pt x 164.11272pt.
 [27 <./images//natureofbending.png>]
<images//forcepartial.png, id=149, 611.28375pt x 249.93375pt>
File: images//forcepartial.png Graphic file (type png)
<use images//forcepartial.png>
Package pdftex.def Info: images//forcepartial.png  used on input line 988.
(pdftex.def)             Requested size: 244.50917pt x 99.97173pt.
<images//equisection.png, id=150, 714.2685pt x 338.4645pt>
File: images//equisection.png Graphic file (type png)
<use images//equisection.png>
Package pdftex.def Info: images//equisection.png  used on input line 1009.
(pdftex.def)             Requested size: 285.70233pt x 135.38339pt.

[28 <./images//forcepartial.png>]
<images//flitchedbeam.png, id=155, 658.25925pt x 359.54324pt>
File: images//flitchedbeam.png Graphic file (type png)
<use images//flitchedbeam.png>
Package pdftex.def Info: images//flitchedbeam.png  used on input line 1023.
(pdftex.def)             Requested size: 263.29903pt x 143.81474pt.
<images//flitchedbeam_MR.png, id=156, 707.64375pt x 330.033pt>
File: images//flitchedbeam_MR.png Graphic file (type png)
<use images//flitchedbeam_MR.png>
Package pdftex.def Info: images//flitchedbeam_MR.png  used on input line 1038.
(pdftex.def)             Requested size: 283.05249pt x 132.01085pt.
 [29 <./images//equisection.png> <./images//flitchedbeam.png>]
<images//sideflitchedbeam.png, id=162, 781.11826pt x 410.13225pt>
File: images//sideflitchedbeam.png Graphic file (type png)
<use images//sideflitchedbeam.png>
Package pdftex.def Info: images//sideflitchedbeam.png  used on input line 1053.

(pdftex.def)             Requested size: 312.44176pt x 164.04999pt.
 [30 <./images//flitchedbeam_MR.png> <./images//sideflitchedbeam.png>] [31]
Chapter 6.
<images//shearstressdistribution_rectangle.png, id=172, 718.48425pt x 289.08pt>

File: images//shearstressdistribution_rectangle.png Graphic file (type png)
<use images//shearstressdistribution_rectangle.png>
Package pdftex.def Info: images//shearstressdistribution_rectangle.png  used on
 input line 1112.
(pdftex.def)             Requested size: 287.38861pt x 115.62994pt.
[32

] [33 <./images//shearstressdistribution_rectangle.png>] [34] [35]
Chapter 7.
<images//case1.png, id=186, 781.7205pt x 425.1885pt>
File: images//case1.png Graphic file (type png)
<use images//case1.png>
Package pdftex.def Info: images//case1.png  used on input line 1219.
(pdftex.def)             Requested size: 390.8593pt x 212.59372pt.
[36

]
<images//case2a.png, id=191, 1218.954pt x 324.0105pt>
File: images//case2a.png Graphic file (type png)
<use images//case2a.png>
Package pdftex.def Info: images//case2a.png  used on input line 1236.
(pdftex.def)             Requested size: 548.52423pt x 145.80338pt.

Overfull \hbox (17.71216pt too wide) in paragraph at lines 1235--1237
[]  [] 
 []

[37 <./images//case1.png>] [38 <./images//case2a.png>] [39] [40] [41] [42]
(SOM Revision.aux)

LaTeX Font Warning: Size substitutions with differences
(Font)              up to 3.25pt have occurred.

 ) 
Here is how much of TeX's memory you used:
 5159 strings out of 478338
 94207 string characters out of 2842329
 434201 words of memory out of 3000000
 23495 multiletter control sequences out of 15000+600000
 486381 words of font info for 88 fonts, out of 8000000 for 9000
 1141 hyphenation exceptions out of 8191
 70i,22n,76p,497b,528s stack positions out of 10000i,1000n,20000p,200000b,80000s
 <C:\Users\kulas\AppData\Local\MiKTeX\fonts/pk/ljfour/jknappen/ec/dpi600\tcrm
1000.pk><C:/KISHOR/SOFTWARES/BASIC_MIKTEX/fonts/type1/public/amsfonts/cm/cmbx10
.pfb><C:/KISHOR/SOFTWARES/BASIC_MIKTEX/fonts/type1/public/amsfonts/cm/cmbx12.pf
b><C:/KISHOR/SOFTWARES/BASIC_MIKTEX/fonts/type1/public/amsfonts/cm/cmcsc10.pfb>
<C:/KISHOR/SOFTWARES/BASIC_MIKTEX/fonts/type1/public/amsfonts/cm/cmex10.pfb><C:
/KISHOR/SOFTWARES/BASIC_MIKTEX/fonts/type1/public/amsfonts/cmextra/cmex7.pfb><C
:/KISHOR/SOFTWARES/BASIC_MIKTEX/fonts/type1/public/amsfonts/cm/cmmi10.pfb><C:/K
ISHOR/SOFTWARES/BASIC_MIKTEX/fonts/type1/public/amsfonts/cm/cmmi12.pfb><C:/KISH
OR/SOFTWARES/BASIC_MIKTEX/fonts/type1/public/amsfonts/cm/cmmi5.pfb><C:/KISHOR/S
OFTWARES/BASIC_MIKTEX/fonts/type1/public/amsfonts/cm/cmmi7.pfb><C:/KISHOR/SOFTW
ARES/BASIC_MIKTEX/fonts/type1/public/amsfonts/cm/cmmi8.pfb><C:/KISHOR/SOFTWARES
/BASIC_MIKTEX/fonts/type1/public/amsfonts/cm/cmmib10.pfb><C:/KISHOR/SOFTWARES/B
ASIC_MIKTEX/fonts/type1/public/amsfonts/cm/cmr10.pfb><C:/KISHOR/SOFTWARES/BASIC
_MIKTEX/fonts/type1/public/amsfonts/cm/cmr12.pfb><C:/KISHOR/SOFTWARES/BASIC_MIK
TEX/fonts/type1/public/amsfonts/cm/cmr5.pfb><C:/KISHOR/SOFTWARES/BASIC_MIKTEX/f
onts/type1/public/amsfonts/cm/cmr7.pfb><C:/KISHOR/SOFTWARES/BASIC_MIKTEX/fonts/
type1/public/amsfonts/cm/cmr8.pfb><C:/KISHOR/SOFTWARES/BASIC_MIKTEX/fonts/type1
/public/amsfonts/cm/cmsy10.pfb><C:/KISHOR/SOFTWARES/BASIC_MIKTEX/fonts/type1/pu
blic/amsfonts/cm/cmsy5.pfb><C:/KISHOR/SOFTWARES/BASIC_MIKTEX/fonts/type1/public
/amsfonts/cm/cmsy7.pfb>
Output written on "SOM Revision.pdf" (43 pages, 1120303 bytes).
PDF statistics:
 298 PDF objects out of 1000 (max. 8388607)
 0 named destinations out of 1000 (max. 500000)
 136 words of extra memory for PDF output out of 10000 (max. 10000000)

